<?xml version="1.0" encoding="UTF-8"?>
<testsuite name="com.samsung.sds.brightics.common.variable.VariableContextTest" time="0.413" tests="1" errors="1" skipped="0" failures="0">
  <properties>
    <property name="os.detected.version" value="10.0"/>
    <property name="idea.version" value="2018.1"/>
    <property name="java.runtime.name" value="Java(TM) SE Runtime Environment"/>
    <property name="sun.boot.library.path" value="C:\Program Files\Java\jdk1.8.0_161\jre\bin"/>
    <property name="java.vm.version" value="25.161-b12"/>
    <property name="java.vm.vendor" value="Oracle Corporation"/>
    <property name="maven.multiModuleProjectDirectory" value="D:\git\brightics-ai"/>
    <property name="java.vendor.url" value="http://java.oracle.com/"/>
    <property name="os.detected.version.minor" value="0"/>
    <property name="path.separator" value=";"/>
    <property name="guice.disable.misplaced.annotation.check" value="true"/>
    <property name="java.vm.name" value="Java HotSpot(TM) 64-Bit Server VM"/>
    <property name="file.encoding.pkg" value="sun.io"/>
    <property name="user.script" value=""/>
    <property name="user.country" value="KR"/>
    <property name="sun.java.launcher" value="SUN_STANDARD"/>
    <property name="sun.os.patch.level" value=""/>
    <property name="java.vm.specification.name" value="Java Virtual Machine Specification"/>
    <property name="user.dir" value="D:\git\brightics-ai"/>
    <property name="java.runtime.version" value="1.8.0_161-b12"/>
    <property name="java.awt.graphicsenv" value="sun.awt.Win32GraphicsEnvironment"/>
    <property name="java.endorsed.dirs" value="C:\Program Files\Java\jdk1.8.0_161\jre\lib\endorsed"/>
    <property name="os.arch" value="amd64"/>
    <property name="java.io.tmpdir" value="C:\Users\SDS\AppData\Local\Temp\"/>
    <property name="line.separator" value="&#10;"/>
    <property name="java.vm.specification.vendor" value="Oracle Corporation"/>
    <property name="user.variant" value=""/>
    <property name="os.detected.version.major" value="10"/>
    <property name="os.name" value="Windows 10"/>
    <property name="os.detected.classifier" value="windows-x86_64"/>
    <property name="classworlds.conf" value="C:\Program Files\JetBrains\IntelliJ IDEA 2018.1\plugins\maven\lib\maven3\bin\m2.conf"/>
    <property name="sun.jnu.encoding" value="MS949"/>
    <property name="java.library.path" value="C:\Program Files\Java\jdk1.8.0_161\bin;C:\Windows\Sun\Java\bin;C:\Windows\system32;C:\Windows;C:\Program Files (x86)\Intel\iCLS Client\;C:\Program Files\Intel\iCLS Client\;C:\Windows\system32;C:\Windows;C:\Windows\System32\Wbem;C:\Windows\System32\WindowsPowerShell\v1.0\;C:\Program Files (x86)\Intel\Intel(R) Management Engine Components\DAL;C:\Program Files\Intel\Intel(R) Management Engine Components\DAL;C:\Program Files (x86)\Intel\Intel(R) Management Engine Components\IPT;C:\Program Files\Intel\Intel(R) Management Engine Components\IPT;C:\Program Files\Intel\WiFi\bin\;C:\Program Files\Common Files\Intel\WirelessCommon\;C:\Program Files (x86)\Bitvise SSH Client;C:\Program Files\Java\jdk1.8.0_161\\bin;C:\Users\SDS\AppData\Local\Programs\Python\Python35\Scripts\;C:\Users\SDS\AppData\Local\Programs\Python\Python35\;C:\Users\SDS\AppData\Local\Programs\Python\Python36-32\Scripts\;C:\Users\SDS\AppData\Local\Programs\Python\Python36-32\;C:\Users\SDS\AppData\Local\Microsoft\WindowsApps;C:\Program Files\Bandizip\;C:\cudnn-8.0-windows10-x64-v6.0\cuda\bin;;."/>
    <property name="os.detected.arch" value="x86_64"/>
    <property name="java.class.version" value="52.0"/>
    <property name="java.specification.name" value="Java Platform API Specification"/>
    <property name="sun.management.compiler" value="HotSpot 64-Bit Tiered Compilers"/>
    <property name="maven.repo.local" value="C:\Users\SDS\.m2\repository"/>
    <property name="os.detected.name" value="windows"/>
    <property name="os.version" value="10.0"/>
    <property name="user.home" value="C:\Users\SDS"/>
    <property name="user.timezone" value="Asia/Seoul"/>
    <property name="java.awt.printerjob" value="sun.awt.windows.WPrinterJob"/>
    <property name="java.specification.version" value="1.8"/>
    <property name="file.encoding" value="UTF-8"/>
    <property name="user.name" value="SDS"/>
    <property name="java.class.path" value="C:\Program Files\JetBrains\IntelliJ IDEA 2018.1\plugins\maven\lib\maven3\boot\plexus-classworlds-2.5.2.jar;C:\Program Files\JetBrains\IntelliJ IDEA 2018.1\lib\idea_rt.jar"/>
    <property name="java.vm.specification.version" value="1.8"/>
    <property name="sun.arch.data.model" value="64"/>
    <property name="java.home" value="C:\Program Files\Java\jdk1.8.0_161\jre"/>
    <property name="sun.java.command" value="org.codehaus.classworlds.Launcher -Didea.version=2018.1 -s C:\Users\SDS\.m2\setting.xml -Dmaven.repo.local=C:\Users\SDS\.m2\repository install -f pom.xml"/>
    <property name="java.specification.vendor" value="Oracle Corporation"/>
    <property name="user.language" value="ko"/>
    <property name="awt.toolkit" value="sun.awt.windows.WToolkit"/>
    <property name="java.vm.info" value="mixed mode"/>
    <property name="java.version" value="1.8.0_161"/>
    <property name="java.ext.dirs" value="C:\Program Files\Java\jdk1.8.0_161\jre\lib\ext;C:\Windows\Sun\Java\lib\ext"/>
    <property name="sun.boot.class.path" value="C:\Program Files\Java\jdk1.8.0_161\jre\lib\resources.jar;C:\Program Files\Java\jdk1.8.0_161\jre\lib\rt.jar;C:\Program Files\Java\jdk1.8.0_161\jre\lib\sunrsasign.jar;C:\Program Files\Java\jdk1.8.0_161\jre\lib\jsse.jar;C:\Program Files\Java\jdk1.8.0_161\jre\lib\jce.jar;C:\Program Files\Java\jdk1.8.0_161\jre\lib\charsets.jar;C:\Program Files\Java\jdk1.8.0_161\jre\lib\jfr.jar;C:\Program Files\Java\jdk1.8.0_161\jre\classes"/>
    <property name="java.vendor" value="Oracle Corporation"/>
    <property name="maven.home" value="C:\Program Files\JetBrains\IntelliJ IDEA 2018.1\plugins\maven\lib\maven3"/>
    <property name="file.separator" value="\"/>
    <property name="java.vendor.url.bug" value="http://bugreport.sun.com/bugreport/"/>
    <property name="sun.cpu.endian" value="little"/>
    <property name="sun.io.unicode.encoding" value="UnicodeLittle"/>
    <property name="sun.desktop" value="windows"/>
    <property name="sun.cpu.isalist" value="amd64"/>
  </properties>
  <testcase name="testImportLib" classname="com.samsung.sds.brightics.common.variable.VariableContextTest" time="0.413">
    <error message="ReferenceError: &quot;test&quot; is not defined. (unnamed script#1)" type="org.mozilla.javascript.EcmaError">org.mozilla.javascript.EcmaError: ReferenceError: "test" is not defined. (unnamed script#1)
	at org.mozilla.javascript.ScriptRuntime.constructError(ScriptRuntime.java:3951)
	at org.mozilla.javascript.ScriptRuntime.constructError(ScriptRuntime.java:3929)
	at org.mozilla.javascript.ScriptRuntime.notFoundError(ScriptRuntime.java:4019)
	at org.mozilla.javascript.ScriptRuntime.nameOrFunction(ScriptRuntime.java:1917)
	at org.mozilla.javascript.ScriptRuntime.name(ScriptRuntime.java:1856)
	at org.mozilla.javascript.gen.unnamed_script_14._c_script_0(unnamed script:1)
	at org.mozilla.javascript.gen.unnamed_script_14.call(unnamed script)
	at org.mozilla.javascript.ContextFactory.doTopCall(ContextFactory.java:393)
	at org.mozilla.javascript.ScriptRuntime.doTopCall(ScriptRuntime.java:3282)
	at org.mozilla.javascript.gen.unnamed_script_14.call(unnamed script)
	at org.mozilla.javascript.gen.unnamed_script_14.exec(unnamed script)
	at org.mozilla.javascript.Context.evaluateString(Context.java:1219)
	at com.samsung.sds.brightics.common.variable.scope.VariableScope.evaluate(VariableScope.java:69)
	at com.samsung.sds.brightics.common.variable.context.VariableContext.evaluate(VariableContext.java:148)
	at com.samsung.sds.brightics.common.variable.context.VariableContext.getValue(VariableContext.java:132)
	at com.samsung.sds.brightics.common.variable.VariableContextTest.testImportLib(VariableContextTest.java:45)
</error>
    <system-err><![CDATA[4월 20, 2018 1:50:48 오후 com.samsung.sds.brightics.common.variable.scope.VariableScope backup
경고: VariableScope [main] fails to backup. Backup function will be disabled and storage will be closed.
4월 20, 2018 1:50:48 오후 com.samsung.sds.brightics.common.variable.scope.VariableScope backup
경고: VariableScope [main2] fails to backup. Backup function will be disabled and storage will be closed.
]]></system-err>
  </testcase>
</testsuite>